
Curr solver: DIC curr file: l_commitdate-string.csv
Encoding 6001215 lines.
Encoding time: 2.250169277191162
Decoding time: 2.1853220462799072
OK! Decoded file matches the original file.
orig len: 6001215, enc len: 26048, ratio: 0.43%, diff: 99.57%
orig size: 62.95525074005127, enc size: 17.202542304992676, ratio: 27.33%, diff: 72.67% 


Curr solver: DIC curr file: l_returnflag-string.csv
Encoding 6001215 lines.
Encoding time: 1.9490830898284912
Decoding time: 2.0651304721832275
OK! Decoded file matches the original file.
orig len: 6001215, enc len: 4, ratio: 0.0%, diff: 100.0%
orig size: 11.446409225463867, enc size: 17.169631958007812, ratio: 150.0%, diff: -50.0% 


Curr solver: DIC curr file: l_receiptdate-string.csv
Encoding 6001215 lines.
Encoding time: 2.1958937644958496
Decoding time: 2.2594492435455322
OK! Decoded file matches the original file.
orig len: 6001215, enc len: 26668, ratio: 0.44%, diff: 99.56%
orig size: 62.95525074005127, enc size: 17.20371723175049, ratio: 27.33%, diff: 72.67% 


Curr solver: DIC curr file: l_shipinstruct-string.csv
Encoding 6001215 lines.
Encoding time: 2.084336042404175
Decoding time: 2.2368710041046143
OK! Decoded file matches the original file.
orig len: 6001215, enc len: 5, ratio: 0.0%, diff: 100.0%
orig size: 74.39386749267578, enc size: 17.169678688049316, ratio: 23.08%, diff: 76.92% 


Curr solver: DIC curr file: l_comment-string.csv
Encoding 6001215 lines.
Encoding time: 5.931042909622192
Decoding time: 5.154467582702637
OK! Decoded file matches the original file.
orig len: 6001215, enc len: 4826190, ratio: 80.42%, diff: 19.58%
orig size: 157.3547592163086, enc size: 164.20738792419434, ratio: 104.35%, diff: -4.35% 


Curr solver: DIC curr file: l_shipmode-string.csv
Encoding 6001215 lines.
Encoding time: 2.0036423206329346
Decoding time: 2.093831777572632
OK! Decoded file matches the original file.
orig len: 6001215, enc len: 8, ratio: 0.0%, diff: 100.0%
orig size: 30.248879432678223, enc size: 17.169672966003418, ratio: 56.76%, diff: 43.24% 


Curr solver: DIC curr file: l_linestatus-string.csv
Encoding 6001215 lines.
Encoding time: 1.9502344131469727
Decoding time: 2.0214245319366455
OK! Decoded file matches the original file.
orig len: 6001215, enc len: 3, ratio: 0.0%, diff: 100.0%
orig size: 11.446409225463867, enc size: 17.16962718963623, ratio: 150.0%, diff: -50.0% 


Curr solver: DIC curr file: l_shipdate-string.csv
Encoding 6001215 lines.
Encoding time: 2.210855722427368
Decoding time: 2.2083985805511475
OK! Decoded file matches the original file.
orig len: 6001215, enc len: 25425, ratio: 0.42%, diff: 99.58%
orig size: 62.95525074005127, enc size: 17.203343391418457, ratio: 27.33%, diff: 72.67% 

{}
Curr solver: BIN curr file: l_quantity-int8.csv
Encoding 6001215 lines.
Encoding time: 2.162663698196411
Decoding time: 1.8622641563415527
OK! Decoded file matches the original file.
orig len: 6001215, enc len: 119701, ratio: 1.99%, diff: 98.01%
orig size: 16.14037036895752, enc size: 5.72320556640625, ratio: 35.46%, diff: 64.54% 


Curr solver: BIN curr file: l_discount-int8.csv
Encoding 6001215 lines.
Encoding time: 2.115431547164917
Decoding time: 1.8369166851043701
OK! Decoded file matches the original file.
orig len: 6001215, enc len: 545816, ratio: 9.1%, diff: 90.9%
orig size: 11.966938972473145, enc size: 5.72320556640625, ratio: 47.83%, diff: 52.17% 


Curr solver: BIN curr file: l_linenumber-int8.csv
Encoding 6001215 lines.
Encoding time: 2.118440866470337
Decoding time: 1.8469843864440918
OK! Decoded file matches the original file.
orig len: 6001215, enc len: 1, ratio: 0.0%, diff: 100.0%
orig size: 11.446409225463867, enc size: 5.72320556640625, ratio: 50.0%, diff: 50.0% 


Curr solver: BIN curr file: l_tax-int8.csv
Encoding 6001215 lines.
Encoding time: 2.147853136062622
Decoding time: 1.8404572010040283
OK! Decoded file matches the original file.
orig len: 6001215, enc len: 1, ratio: 0.0%, diff: 100.0%
orig size: 11.446409225463867, enc size: 5.72320556640625, ratio: 50.0%, diff: 50.0% 



Curr solver: DIC curr file: l_quantity-int8.csv
Encoding 6001215 lines.
Encoding time: 2.324199676513672
Decoding time: 2.4550540447235107
OK! Decoded file matches the original file.
orig len: 6001215, enc len: 119463, ratio: 1.99%, diff: 98.01%
orig size: 16.14037036895752, enc size: 17.169713020324707, ratio: 106.38%, diff: -6.38% 


Curr solver: DIC curr file: l_discount-int8.csv
Encoding 6001215 lines.
Encoding time: 2.299107789993286
Decoding time: 2.423915147781372
OK! Decoded file matches the original file.
orig len: 6001215, enc len: 546398, ratio: 9.1%, diff: 90.9%
orig size: 11.966938972473145, enc size: 17.169638633728027, ratio: 143.48%, diff: -43.48% 


Curr solver: DIC curr file: l_linenumber-int8.csv
Encoding 6001215 lines.
Encoding time: 2.3271193504333496
Decoding time: 2.4082608222961426
OK! Decoded file matches the original file.
orig len: 6001215, enc len: 1, ratio: 0.0%, diff: 100.0%
orig size: 11.446409225463867, enc size: 17.169631004333496, ratio: 150.0%, diff: -50.0% 


Curr solver: DIC curr file: l_tax-int8.csv
Encoding 6001215 lines.
Encoding time: 2.3464913368225098
Decoding time: 2.3958451747894287
OK! Decoded file matches the original file.
orig len: 6001215, enc len: 1, ratio: 0.0%, diff: 100.0%
orig size: 11.446409225463867, enc size: 17.16963481903076, ratio: 150.0%, diff: -50.0% 


Curr solver: FOR curr file: l_quantity-int8.csv
Encoding 6001215 lines.
Encoding time: 11.178399801254272
Decoding time: 2.71486759185791
OK! Decoded file matches the original file.
orig len: 6001215, enc len: 120754, ratio: 2.01%, diff: 97.99%
orig size: 16.14037036895752, enc size: 5.723207473754883, ratio: 35.46%, diff: 64.54% 


Curr solver: FOR curr file: l_discount-int8.csv
Encoding 6001215 lines.
Encoding time: 11.081014156341553
Decoding time: 2.6959147453308105
OK! Decoded file matches the original file.
orig len: 6001215, enc len: 1, ratio: 0.0%, diff: 100.0%
orig size: 11.966938972473145, enc size: 5.723207473754883, ratio: 47.83%, diff: 52.17% 


Curr solver: FOR curr file: l_linenumber-int8.csv
Encoding 6001215 lines.
Encoding time: 11.138999700546265
Decoding time: 2.710209846496582
OK! Decoded file matches the original file.
orig len: 6001215, enc len: 1, ratio: 0.0%, diff: 100.0%
orig size: 11.446409225463867, enc size: 5.723207473754883, ratio: 50.0%, diff: 50.0% 


Curr solver: FOR curr file: l_tax-int8.csv
Encoding 6001215 lines.
Encoding time: 11.010339975357056
Decoding time: 2.723210573196411
OK! Decoded file matches the original file.
orig len: 6001215, enc len: 1, ratio: 0.0%, diff: 100.0%
orig size: 11.446409225463867, enc size: 5.723207473754883, ratio: 50.0%, diff: 50.0% 


Curr solver: DIF curr file: l_quantity-int8.csv
Encoding 6001215 lines.
Encoding time: 9.306021690368652
Decoding time: 2.7606046199798584
OK! Decoded file matches the original file.
orig len: 6001215, enc len: 95661, ratio: 1.59%, diff: 98.41%
orig size: 16.14037036895752, enc size: 5.723206520080566, ratio: 35.46%, diff: 64.54% 


Curr solver: DIF curr file: l_discount-int8.csv
Encoding 6001215 lines.
Encoding time: 9.104919195175171
Decoding time: 2.770620584487915
OK! Decoded file matches the original file.
orig len: 6001215, enc len: 49378, ratio: 0.82%, diff: 99.18%
orig size: 11.966938972473145, enc size: 5.723206520080566, ratio: 47.83%, diff: 52.17% 


Curr solver: DIF curr file: l_linenumber-int8.csv
Encoding 6001215 lines.
Encoding time: 9.064419269561768
Decoding time: 2.746431589126587
OK! Decoded file matches the original file.
orig len: 6001215, enc len: 1, ratio: 0.0%, diff: 100.0%
orig size: 11.446409225463867, enc size: 5.723206520080566, ratio: 50.0%, diff: 50.0% 


Curr solver: DIF curr file: l_tax-int8.csv
Encoding 6001215 lines.
Encoding time: 9.375210762023926
Decoding time: 2.765334367752075
OK! Decoded file matches the original file.
orig len: 6001215, enc len: 1, ratio: 0.0%, diff: 100.0%
orig size: 11.446409225463867, enc size: 5.723206520080566, ratio: 50.0%, diff: 50.0% 


{}
Curr solver: BIN curr file: l_suppkey-int16.csv
Encoding 6001215 lines.
Encoding time: 2.250166654586792
Decoding time: 1.9395220279693604
OK! Decoded file matches the original file.
orig len: 6001215, enc len: 177845, ratio: 2.96%, diff: 97.04%
orig size: 27.982518196105957, enc size: 11.4464111328125, ratio: 40.91%, diff: 59.09% 


Curr solver: DIC curr file: l_suppkey-int16.csv
Encoding 6001215 lines.
Encoding time: 2.689119338989258
Decoding time: 2.6356213092803955
OK! Decoded file matches the original file.
orig len: 6001215, enc len: 178695, ratio: 2.98%, diff: 97.02%
orig size: 27.982518196105957, enc size: 17.207765579223633, ratio: 61.49%, diff: 38.51% 


Curr solver: FOR curr file: l_suppkey-int16.csv
Encoding 6001215 lines.
Encoding time: 11.450166702270508
Decoding time: 2.90920352935791
OK! Decoded file matches the original file.
orig len: 6001215, enc len: 176678, ratio: 2.94%, diff: 97.06%
orig size: 27.982518196105957, enc size: 11.446414947509766, ratio: 40.91%, diff: 59.09% 


Curr solver: DIF curr file: l_suppkey-int16.csv
Encoding 6001215 lines.
Encoding time: 9.488813400268555
Decoding time: 2.992488145828247
OK! Decoded file matches the original file.
orig len: 6001215, enc len: 136257, ratio: 2.27%, diff: 97.73%
orig size: 27.982518196105957, enc size: 11.446413040161133, ratio: 40.91%, diff: 59.09% 


{}
Curr solver: BIN curr file: l_extendedprice-int32.csv
Encoding 6001215 lines.
Encoding time: 2.3311595916748047
Decoding time: 1.9736919403076172
OK! Decoded file matches the original file.
orig len: 6001215, enc len: 100279, ratio: 1.67%, diff: 98.33%
orig size: 45.048927307128906, enc size: 22.892822265625, ratio: 50.82%, diff: 49.18% 


Curr solver: BIN curr file: l_orderkey-int32.csv
Encoding 6001215 lines.
Encoding time: 2.315471649169922
Decoding time: 1.9795165061950684
OK! Decoded file matches the original file.
orig len: 6001215, enc len: 89130, ratio: 1.49%, diff: 98.51%
orig size: 44.725600242614746, enc size: 22.892822265625, ratio: 51.19%, diff: 48.81% 


Curr solver: BIN curr file: l_suppkey-int32.csv
Encoding 6001215 lines.
Encoding time: 2.265488624572754
Decoding time: 1.9680044651031494
OK! Decoded file matches the original file.
orig len: 6001215, enc len: 177845, ratio: 2.96%, diff: 97.04%
orig size: 27.982518196105957, enc size: 22.892822265625, ratio: 81.81%, diff: 18.19% 


Curr solver: BIN curr file: l_linenumber-int32.csv
Encoding 6001215 lines.
Encoding time: 2.1505894660949707
Decoding time: 1.8695309162139893
OK! Decoded file matches the original file.
orig len: 6001215, enc len: 1, ratio: 0.0%, diff: 100.0%
orig size: 11.446409225463867, enc size: 11.446413040161133, ratio: 100.0%, diff: -0.0% 


Curr solver: BIN curr file: l_partkey-int32.csv
Encoding 6001215 lines.
Encoding time: 2.3429131507873535
Decoding time: 1.9928429126739502
OK! Decoded file matches the original file.
orig len: 6001215, enc len: 54290, ratio: 0.9%, diff: 99.1%
orig size: 36.88374328613281, enc size: 22.892822265625, ratio: 62.07%, diff: 37.93% 


Curr solver: DIC curr file: l_extendedprice-int32.csv
Encoding 6001215 lines.
Encoding time: 5.275485992431641
Decoding time: 3.799907684326172
OK! Decoded file matches the original file.
orig len: 6001215, enc len: 514289, ratio: 8.57%, diff: 91.43%
orig size: 45.048927307128906, enc size: 24.29471206665039, ratio: 53.93%, diff: 46.07% 


Curr solver: DIC curr file: l_orderkey-int32.csv
Encoding 6001215 lines.
Encoding time: 3.4780402183532715
Decoding time: 3.3434250354766846
OK! Decoded file matches the original file.
orig len: 6001215, enc len: 409039, ratio: 6.82%, diff: 93.18%
orig size: 44.725600242614746, enc size: 28.613712310791016, ratio: 63.98%, diff: 36.02% 


Curr solver: DIC curr file: l_suppkey-int32.csv
Encoding 6001215 lines.
Encoding time: 2.636737108230591
Decoding time: 2.650129556655884
OK! Decoded file matches the original file.
orig len: 6001215, enc len: 178695, ratio: 2.98%, diff: 97.02%
orig size: 27.982518196105957, enc size: 17.245914459228516, ratio: 61.63%, diff: 38.37% 


Curr solver: DIC curr file: l_linenumber-int32.csv
Encoding 6001215 lines.
Encoding time: 2.325578451156616
Decoding time: 2.4406211376190186
OK! Decoded file matches the original file.
orig len: 6001215, enc len: 1, ratio: 0.0%, diff: 100.0%
orig size: 11.446409225463867, enc size: 17.169673919677734, ratio: 150.0%, diff: -50.0% 


Curr solver: DIC curr file: l_partkey-int32.csv
Encoding 6001215 lines.
Encoding time: 3.385357141494751
Decoding time: 3.2400922775268555
OK! Decoded file matches the original file.
orig len: 6001215, enc len: 57163, ratio: 0.95%, diff: 99.05%
orig size: 36.88374328613281, enc size: 18.695499420166016, ratio: 50.69%, diff: 49.31% 


Curr solver: FOR curr file: l_extendedprice-int32.csv
Encoding 6001215 lines.
Encoding time: 11.519042491912842
Decoding time: 3.02799654006958
OK! Decoded file matches the original file.
orig len: 6001215, enc len: 89691, ratio: 1.49%, diff: 98.51%
orig size: 45.048927307128906, enc size: 22.89282989501953, ratio: 50.82%, diff: 49.18% 


Curr solver: FOR curr file: l_orderkey-int32.csv
Encoding 6001215 lines.
Encoding time: 12.725677967071533
Decoding time: 2.9828708171844482
OK! Decoded file matches the original file.
orig len: 6001215, enc len: 89133, ratio: 1.49%, diff: 98.51%
orig size: 44.725600242614746, enc size: 34.339059829711914, ratio: 76.78%, diff: 23.22% 


Curr solver: FOR curr file: l_suppkey-int32.csv
Encoding 6001215 lines.
Encoding time: 11.231077194213867
Decoding time: 2.9101951122283936
OK! Decoded file matches the original file.
orig len: 6001215, enc len: 176678, ratio: 2.94%, diff: 97.06%
orig size: 27.982518196105957, enc size: 11.446416854858398, ratio: 40.91%, diff: 59.09% 


Curr solver: FOR curr file: l_linenumber-int32.csv
Encoding 6001215 lines.
Encoding time: 11.113345384597778
Decoding time: 2.7230021953582764
OK! Decoded file matches the original file.
orig len: 6001215, enc len: 1, ratio: 0.0%, diff: 100.0%
orig size: 11.446409225463867, enc size: 5.723210334777832, ratio: 50.0%, diff: 50.0% 


Curr solver: FOR curr file: l_partkey-int32.csv
Encoding 6001215 lines.
Encoding time: 11.297919750213623
Decoding time: 3.0065224170684814
OK! Decoded file matches the original file.
orig len: 6001215, enc len: 46297, ratio: 0.77%, diff: 99.23%
orig size: 36.88374328613281, enc size: 17.169623374938965, ratio: 46.55%, diff: 53.45% 


Curr solver: DIF curr file: l_extendedprice-int32.csv
Encoding 6001215 lines.
Encoding time: 9.40579080581665
Decoding time: 3.0489299297332764
OK! Decoded file matches the original file.
orig len: 6001215, enc len: 95398, ratio: 1.59%, diff: 98.41%
orig size: 45.048927307128906, enc size: 22.892826080322266, ratio: 50.82%, diff: 49.18% 


Curr solver: DIF curr file: l_orderkey-int32.csv
Encoding 6001215 lines.
Encoding time: 9.158199071884155
Decoding time: 2.995386838912964
OK! Decoded file matches the original file.
orig len: 6001215, enc len: 1, ratio: 0.0%, diff: 100.0%
orig size: 44.725600242614746, enc size: 17.169620513916016, ratio: 38.39%, diff: 61.61% 


Curr solver: DIF curr file: l_suppkey-int32.csv
Encoding 6001215 lines.
Encoding time: 9.383634805679321
Decoding time: 2.976339101791382
OK! Decoded file matches the original file.
orig len: 6001215, enc len: 136257, ratio: 2.27%, diff: 97.73%
orig size: 27.982518196105957, enc size: 11.446414947509766, ratio: 40.91%, diff: 59.09% 


Curr solver: DIF curr file: l_linenumber-int32.csv
Encoding 6001215 lines.
Encoding time: 9.200007438659668
Decoding time: 2.7614657878875732
OK! Decoded file matches the original file.
orig len: 6001215, enc len: 1, ratio: 0.0%, diff: 100.0%
orig size: 11.446409225463867, enc size: 5.723209381103516, ratio: 50.0%, diff: 50.0% 


Curr solver: DIF curr file: l_partkey-int32.csv
Encoding 6001215 lines.
Encoding time: 9.386014699935913
Decoding time: 3.0647692680358887
OK! Decoded file matches the original file.
orig len: 6001215, enc len: 46819, ratio: 0.78%, diff: 99.22%
orig size: 36.88374328613281, enc size: 17.169620513916016, ratio: 46.55%, diff: 53.45% 


{}
Curr solver: BIN curr file: l_quantity-int64.csv
Encoding 6001215 lines.
Encoding time: 2.1345250606536865
Decoding time: 1.910412311553955
OK! Decoded file matches the original file.
orig len: 6001215, enc len: 119701, ratio: 1.99%, diff: 98.01%
orig size: 16.14037036895752, enc size: 11.446416854858398, ratio: 70.92%, diff: 29.08% 


Curr solver: BIN curr file: l_discount-int64.csv
Encoding 6001215 lines.
Encoding time: 2.1131033897399902
Decoding time: 1.8701536655426025
OK! Decoded file matches the original file.
orig len: 6001215, enc len: 545816, ratio: 9.1%, diff: 90.9%
orig size: 11.966938972473145, enc size: 11.446416854858398, ratio: 95.65%, diff: 4.35% 


Curr solver: BIN curr file: l_extendedprice-int64.csv
Encoding 6001215 lines.
Encoding time: 2.3739817142486572
Decoding time: 1.9432628154754639
OK! Decoded file matches the original file.
orig len: 6001215, enc len: 100279, ratio: 1.67%, diff: 98.33%
orig size: 45.048927307128906, enc size: 34.33923530578613, ratio: 76.23%, diff: 23.77% 


Curr solver: BIN curr file: l_tax-int64.csv
Encoding 6001215 lines.
Encoding time: 2.142941951751709
Decoding time: 1.872629165649414
OK! Decoded file matches the original file.
orig len: 6001215, enc len: 1, ratio: 0.0%, diff: 100.0%
orig size: 11.446409225463867, enc size: 11.446416854858398, ratio: 100.0%, diff: -0.0% 


Curr solver: DIC curr file: l_quantity-int64.csv
Encoding 6001215 lines.
Encoding time: 2.368760347366333
Decoding time: 2.429997205734253
OK! Decoded file matches the original file.
orig len: 6001215, enc len: 119463, ratio: 1.99%, diff: 98.01%
orig size: 16.14037036895752, enc size: 17.170387268066406, ratio: 106.38%, diff: -6.38% 


Curr solver: DIC curr file: l_discount-int64.csv
Encoding 6001215 lines.
Encoding time: 2.3693342208862305
Decoding time: 2.4116318225860596
OK! Decoded file matches the original file.
orig len: 6001215, enc len: 546398, ratio: 9.1%, diff: 90.9%
orig size: 11.966938972473145, enc size: 17.16979217529297, ratio: 143.48%, diff: -43.48% 


Curr solver: DIC curr file: l_extendedprice-int64.csv
Encoding 6001215 lines.
Encoding time: 5.339159965515137
Decoding time: 3.8062920570373535
OK! Decoded file matches the original file.
orig len: 6001215, enc len: 514289, ratio: 8.57%, diff: 91.43%
orig size: 45.048927307128906, enc size: 31.41980743408203, ratio: 69.75%, diff: 30.25% 


Curr solver: DIC curr file: l_tax-int64.csv
Encoding 6001215 lines.
Encoding time: 2.37589693069458
Decoding time: 2.400272846221924
OK! Decoded file matches the original file.
orig len: 6001215, enc len: 1, ratio: 0.0%, diff: 100.0%
orig size: 11.446409225463867, enc size: 17.169761657714844, ratio: 150.0%, diff: -50.0% 


Curr solver: FOR curr file: l_quantity-int64.csv
Encoding 6001215 lines.
Encoding time: 3.6378021240234375
Decoding time: 2.711775302886963
OK! Decoded file matches the original file.
orig len: 6001215, enc len: 120754, ratio: 2.01%, diff: 97.99%
orig size: 16.14037036895752, enc size: 5.723214149475098, ratio: 35.46%, diff: 64.54% 


Curr solver: FOR curr file: l_discount-int64.csv
Encoding 6001215 lines.
Encoding time: 3.5549511909484863
Decoding time: 2.699003219604492
OK! Decoded file matches the original file.
orig len: 6001215, enc len: 1, ratio: 0.0%, diff: 100.0%
orig size: 11.966938972473145, enc size: 5.723214149475098, ratio: 47.83%, diff: 52.17% 


Curr solver: FOR curr file: l_extendedprice-int64.csv
Encoding 6001215 lines.
Encoding time: 3.7498703002929688
Decoding time: 3.1072473526000977
OK! Decoded file matches the original file.
orig len: 6001215, enc len: 89691, ratio: 1.49%, diff: 98.51%
orig size: 45.048927307128906, enc size: 22.892833709716797, ratio: 50.82%, diff: 49.18% 


Curr solver: FOR curr file: l_tax-int64.csv
Encoding 6001215 lines.
Encoding time: 3.5529861450195312
Decoding time: 2.7124667167663574
OK! Decoded file matches the original file.
orig len: 6001215, enc len: 1, ratio: 0.0%, diff: 100.0%
orig size: 11.446409225463867, enc size: 5.723214149475098, ratio: 50.0%, diff: 50.0% 


Curr solver: DIF curr file: l_quantity-int64.csv
Encoding 6001215 lines.
Encoding time: 3.6868669986724854
Decoding time: 2.7871181964874268
OK! Decoded file matches the original file.
orig len: 6001215, enc len: 95661, ratio: 1.59%, diff: 98.41%
orig size: 16.14037036895752, enc size: 5.723213195800781, ratio: 35.46%, diff: 64.54% 


Curr solver: DIF curr file: l_discount-int64.csv
Encoding 6001215 lines.
Encoding time: 3.639583110809326
Decoding time: 2.783414602279663
OK! Decoded file matches the original file.
orig len: 6001215, enc len: 49378, ratio: 0.82%, diff: 99.18%
orig size: 11.966938972473145, enc size: 5.723213195800781, ratio: 47.83%, diff: 52.17% 


Curr solver: DIF curr file: l_extendedprice-int64.csv
Encoding 6001215 lines.
Encoding time: 3.8235418796539307
Decoding time: 3.0815577507019043
OK! Decoded file matches the original file.
orig len: 6001215, enc len: 95398, ratio: 1.59%, diff: 98.41%
orig size: 45.048927307128906, enc size: 22.89282989501953, ratio: 50.82%, diff: 49.18% 


Curr solver: DIF curr file: l_tax-int64.csv
Encoding 6001215 lines.
Encoding time: 3.6481738090515137
Decoding time: 2.7670421600341797
OK! Decoded file matches the original file.
orig len: 6001215, enc len: 1, ratio: 0.0%, diff: 100.0%
orig size: 11.446409225463867, enc size: 5.723213195800781, ratio: 50.0%, diff: 50.0% 



Curr solver: RLE curr file: l_commitdate-string.csv
Encoding 6001215 lines.
Encoding time: 3.294273853302002
Decoding time: 4.210434913635254
OK! Decoded file matches the original file.
orig len: 6001215, enc len: 5927002, ratio: 98.76%, diff: 1.24%
orig size: 62.95525074005127, enc size: 79.13400173187256, ratio: 125.7%, diff: -25.7% 




Curr solver: RLE curr file: l_returnflag-string.csv
Encoding 6001215 lines.
Encoding time: 1.6050193309783936
Decoding time: 1.4740681648254395
OK! Decoded file matches the original file.
orig len: 6001215, enc len: 2115029, ratio: 35.24%, diff: 64.76%
orig size: 11.446409225463867, enc size: 10.011569023132324, ratio: 87.46%, diff: 12.54% 



Curr solver: RLE curr file: l_receiptdate-string.csv
Encoding 6001215 lines.
Encoding time: 3.3001620769500732
Decoding time: 4.229114294052124
OK! Decoded file matches the original file.
orig len: 6001215, enc len: 5966485, ratio: 99.42%, diff: 0.58%
orig size: 62.95525074005127, enc size: 79.66115665435791, ratio: 126.54%, diff: -26.54% 


Curr solver: RLE curr file: l_shipinstruct-string.csv
Encoding 6001215 lines.
Encoding time: 2.751854658126831
Decoding time: 3.515082836151123
OK! Decoded file matches the original file.
orig len: 6001215, enc len: 4498747, ratio: 74.96%, diff: 25.04%
orig size: 74.39386749267578, enc size: 68.64637279510498, ratio: 92.27%, diff: 7.73% 



Curr solver: RLE curr file: l_comment-string.csv
Encoding 6001215 lines.
Encoding time: 3.728785991668701
Decoding time: 4.839945077896118
OK! Decoded file matches the original file.
orig len: 6001215, enc len: 6001209, ratio: 100.0%, diff: 0.0%
orig size: 157.3547592163086, enc size: 174.52426433563232, ratio: 110.91%, diff: -10.91% 


Curr solver: RLE curr file: l_shipmode-string.csv
Encoding 6001215 lines.
Encoding time: 3.0354790687561035
Decoding time: 3.7829771041870117
OK! Decoded file matches the original file.
orig len: 6001215, enc len: 5144587, ratio: 85.73%, diff: 14.27%
orig size: 30.248879432678223, enc size: 40.64976692199707, ratio: 134.38%, diff: -34.38% 


Curr solver: RLE curr file: l_linestatus-string.csv
Encoding 6001215 lines.
Encoding time: 1.0461580753326416
Decoding time: 0.6232037544250488
OK! Decoded file matches the original file.
orig len: 6001215, enc len: 855835, ratio: 14.26%, diff: 85.74%
orig size: 11.446409225463867, enc size: 3.9370784759521484, ratio: 34.4%, diff: 65.6% 



Curr solver: RLE curr file: l_shipdate-string.csv
Encoding 6001215 lines.
Encoding time: 3.3932108879089355
Decoding time: 4.253402233123779
OK! Decoded file matches the original file.
orig len: 6001215, enc len: 5963652, ratio: 99.37%, diff: 0.63%
orig size: 62.95525074005127, enc size: 79.6233320236206, ratio: 126.48%, diff: -26.48% 


Curr solver: RLE curr file: l_quantity-int8.csv
Encoding 6001215 lines.
Encoding time: 5.710555076599121
Decoding time: 4.721920967102051
OK! Decoded file matches the original file.
orig len: 6001215, enc len: 117309, ratio: 1.95%, diff: 98.05%
orig size: 16.14037036895752, enc size: 22.434224128723145, ratio: 138.99%, diff: -38.99% 


Curr solver: RLE curr file: l_discount-int8.csv
Encoding 6001215 lines.
Encoding time: 5.447420358657837
Decoding time: 4.242044925689697
OK! Decoded file matches the original file.
orig len: 6001215, enc len: 496136, ratio: 8.27%, diff: 91.73%
orig size: 11.966938972473145, enc size: 20.81059741973877, ratio: 173.9%, diff: -73.9% 



Curr solver: RLE curr file: l_linenumber-int8.csv
Encoding 6001215 lines.
Encoding time: 5.5934789180755615
Decoding time: 4.5009448528289795
OK! Decoded file matches the original file.
orig len: 6001215, enc len: 1, ratio: 0.0%, diff: 100.0%
orig size: 11.446409225463867, enc size: 22.075818061828613, ratio: 192.86%, diff: -92.86% 


Curr solver: RLE curr file: l_tax-int8.csv
Encoding 6001215 lines.
Encoding time: 5.347226142883301
Decoding time: 4.152617931365967
OK! Decoded file matches the original file.
orig len: 6001215, enc len: 1, ratio: 0.0%, diff: 100.0%
orig size: 11.446409225463867, enc size: 20.352078437805176, ratio: 177.8%, diff: -77.8% 


Curr solver: RLE curr file: l_suppkey-int16.csv
Encoding 6001215 lines.
Encoding time: 5.987684726715088
Decoding time: 4.767773866653442
OK! Decoded file matches the original file.
orig len: 6001215, enc len: 177824, ratio: 2.96%, diff: 97.04%
orig size: 27.982518196105957, enc size: 28.61301040649414, ratio: 102.25%, diff: -2.25% 



Curr solver: RLE curr file: l_extendedprice-int32.csv
Encoding 6001215 lines.
Encoding time: 6.148138999938965
Decoding time: 4.916143178939819
OK! Decoded file matches the original file.
orig len: 6001215, enc len: 100278, ratio: 1.67%, diff: 98.33%
orig size: 45.048927307128906, enc size: 40.06241989135742, ratio: 88.93%, diff: 11.07% 


Curr solver: RLE curr file: l_orderkey-int32.csv
Encoding 6001215 lines.
Encoding time: 3.0844509601593018
Decoding time: 1.3502178192138672
OK! Decoded file matches the original file.
orig len: 6001215, enc len: 22273, ratio: 0.37%, diff: 99.63%
orig size: 44.725600242614746, enc size: 10.013581275939941, ratio: 22.39%, diff: 77.61% 


Curr solver: RLE curr file: l_suppkey-int32.csv
Encoding 6001215 lines.
Encoding time: 6.002262115478516
Decoding time: 4.763136148452759
OK! Decoded file matches the original file.
orig len: 6001215, enc len: 177824, ratio: 2.96%, diff: 97.04%
orig size: 27.982518196105957, enc size: 40.05821418762207, ratio: 143.15%, diff: -43.15% 



Curr solver: RLE curr file: l_linenumber-int32.csv
Encoding 6001215 lines.
Encoding time: 5.6602771282196045
Decoding time: 4.568511962890625
OK! Decoded file matches the original file.
orig len: 6001215, enc len: 1, ratio: 0.0%, diff: 100.0%
orig size: 11.446409225463867, enc size: 38.632680892944336, ratio: 337.51%, diff: -237.51% 



Curr solver: RLE curr file: l_partkey-int32.csv
Encoding 6001215 lines.
Encoding time: 6.08552098274231
Decoding time: 4.884557008743286
OK! Decoded file matches the original file.
orig len: 6001215, enc len: 54290, ratio: 0.9%, diff: 99.1%
orig size: 36.88374328613281, enc size: 40.06229305267334, ratio: 108.62%, diff: -8.62% 


Curr solver: RLE curr file: l_quantity-int64.csv
Encoding 6001215 lines.
Encoding time: 5.7750630378723145
Decoding time: 4.695248126983643
OK! Decoded file matches the original file.
orig len: 6001215, enc len: 117309, ratio: 1.95%, diff: 98.05%
orig size: 16.14037036895752, enc size: 61.694114685058594, ratio: 382.23%, diff: -282.23% 


Curr solver: RLE curr file: l_discount-int64.csv
Encoding 6001215 lines.
Encoding time: 5.516861200332642
Decoding time: 4.335239887237549
OK! Decoded file matches the original file.
orig len: 6001215, enc len: 496136, ratio: 8.27%, diff: 91.73%
orig size: 11.966938972473145, enc size: 57.22914123535156, ratio: 478.23%, diff: -378.23% 


Curr solver: RLE curr file: l_extendedprice-int64.csv
Encoding 6001215 lines.
Encoding time: 6.125262022018433
Decoding time: 4.961615085601807
OK! Decoded file matches the original file.
orig len: 6001215, enc len: 100278, ratio: 1.67%, diff: 98.33%
orig size: 45.048927307128906, enc size: 62.955230712890625, ratio: 139.75%, diff: -39.75% 


Curr solver: RLE curr file: l_tax-int64.csv
Encoding 6001215 lines.
Encoding time: 5.410820960998535
Decoding time: 4.2204978466033936
OK! Decoded file matches the original file.
orig len: 6001215, enc len: 1, ratio: 0.0%, diff: 100.0%
orig size: 11.446409225463867, enc size: 55.96821403503418, ratio: 488.96%, diff: -388.96% 

